<?xml version="1.0" encoding="UTF-8"?>
<!-- Generated by org.testng.reporters.JUnitReportReporter -->
<testsuite hostname="Anatoly-Korzuns-MacBook-Pro.local" name="com.example.tests.Feedback" tests="3" failures="0" timestamp="26 Jul 2012 13:48:30 GMT" time="20.015" errors="0">
  <testcase name="testFeedback" time="3.212" classname="com.example.tests.Feedback"/>
  <testcase name="testFeedback" time="9.634" classname="com.example.tests.Feedback"/>
  <testcase name="testFeedback" time="7.169" classname="com.example.tests.Feedback"/>
</testsuite> <!-- com.example.tests.Feedback -->
