<?xml version="1.0" encoding="UTF-8"?>
<!-- Generated by org.testng.reporters.JUnitReportReporter -->
<testsuite hostname="Z100107" name="com.LKA_Tests.CallForwardingPageTest" tests="1" failures="0" timestamp="27 Sep 2012 07:28:20 GMT" time="13.493" errors="0">
  <testcase name="clickOnAvatarTest" time="13.493" classname="com.LKA_Tests.CallForwardingPageTest"/>
</testsuite> <!-- com.LKA_Tests.CallForwardingPageTest -->
