<?xml version="1.0" encoding="UTF-8"?>
<!-- Generated by org.testng.reporters.JUnitReportReporter -->
<testsuite hostname="Z100107" name="com.mainPageTests.CheckForAvaliabilityGroupsPageTest" tests="1" failures="0" timestamp="1 Oct 2012 13:24:45 GMT" time="2.639" errors="0">
  <testcase name="checkForAvaliabilityGroupsPageTest" time="2.639" classname="com.mainPageTests.CheckForAvaliabilityGroupsPageTest"/>
</testsuite> <!-- com.mainPageTests.CheckForAvaliabilityGroupsPageTest -->
