<?xml version="1.0" encoding="UTF-8"?>
<!-- Generated by org.testng.reporters.JUnitReportReporter -->
<testsuite hostname="Z100107" name="com.LKA_Tests.ClickOnContractTest" tests="1" failures="0" timestamp="11 Sep 2012 11:24:28 GMT" time="10.096" errors="0">
  <testcase name="clickOnContractTest" time="10.096" classname="com.LKA_Tests.ClickOnContractTest"/>
</testsuite> <!-- com.LKA_Tests.ClickOnContractTest -->
