<?xml version="1.0" encoding="UTF-8"?>
<!-- Generated by org.testng.reporters.JUnitReportReporter -->
<testsuite hostname="Z100107" name="com.mainPageTests.RegistrationStabilityOfNumbersTest" tests="1" failures="0" timestamp="24 Sep 2012 13:38:02 GMT" time="23.766" errors="0">
  <testcase name="registrationStabilityOfNumbersTest" time="23.766" classname="com.mainPageTests.RegistrationStabilityOfNumbersTest"/>
</testsuite> <!-- com.mainPageTests.RegistrationStabilityOfNumbersTest -->
