<?xml version="1.0" encoding="UTF-8"?>
<!-- Generated by org.testng.reporters.JUnitReportReporter -->
<testsuite hostname="Z100107" name="com.mainPageTests.RegistrationWrongVerificationCodeTest" tests="1" failures="0" timestamp="24 Sep 2012 14:35:37 GMT" time="16.724" errors="0">
  <testcase name="registrationStabilityOfNumbersTest" time="16.724" classname="com.mainPageTests.RegistrationWrongVerificationCodeTest"/>
</testsuite> <!-- com.mainPageTests.RegistrationWrongVerificationCodeTest -->
