<?xml version="1.0" encoding="UTF-8"?>
<!-- Generated by org.testng.reporters.JUnitReportReporter -->
<testsuite hostname="Z100107" name="com.mainPageTests.RegistrationCancelVerificationButtonTest" tests="1" failures="0" timestamp="24 Sep 2012 13:38:02 GMT" time="14.351" errors="0">
  <testcase name="registrationCancelVerificationButtonTest" time="14.351" classname="com.mainPageTests.RegistrationCancelVerificationButtonTest"/>
</testsuite> <!-- com.mainPageTests.RegistrationCancelVerificationButtonTest -->
