<?xml version="1.0" encoding="UTF-8"?>
<!-- Generated by org.testng.reporters.JUnitReportReporter -->
<testsuite hostname="Z100107" name="com.LKS_Tests.WelcomeTest" tests="1" failures="0" timestamp="24 Sep 2012 13:10:37 GMT" time="18.247" errors="0">
  <testcase name="welcomeTest" time="18.247" classname="com.LKS_Tests.WelcomeTest"/>
</testsuite> <!-- com.LKS_Tests.WelcomeTest -->
