<?xml version="1.0" encoding="UTF-8"?>
<!-- Generated by org.testng.reporters.JUnitReportReporter -->
<testsuite hostname="Z100107" name="com.mainPageTests.CheckForAvaliabilityForPartnersPageTest" tests="1" failures="0" timestamp="1 Oct 2012 12:47:26 GMT" time="34.741" errors="0">
  <testcase name="checkForAvaliabilityForPartnersPageTest" time="34.741" classname="com.mainPageTests.CheckForAvaliabilityForPartnersPageTest"/>
</testsuite> <!-- com.mainPageTests.CheckForAvaliabilityForPartnersPageTest -->
