<?xml version="1.0" encoding="UTF-8"?>
<!-- Generated by org.testng.reporters.JUnitReportReporter -->
<testsuite hostname="Anatoly-Korzuns-MacBook-Pro.local" name="com.registration.tests.Step1" tests="10" failures="0" timestamp="1 Aug 2012 06:36:26 GMT" time="203.617" errors="0">
  <testcase name="testStep1" time="21.421" classname="com.registration.tests.Step1"/>
  <testcase name="testStep1Find" time="15.659" classname="com.registration.tests.Step1"/>
  <testcase name="testStep1" time="24.680" classname="com.registration.tests.Step1"/>
  <testcase name="testStep1" time="25.035" classname="com.registration.tests.Step1"/>
  <testcase name="testStep1" time="22.483" classname="com.registration.tests.Step1"/>
  <testcase name="testStep1Find" time="18.441" classname="com.registration.tests.Step1"/>
  <testcase name="testStep1" time="15.623" classname="com.registration.tests.Step1"/>
  <testcase name="testStep1" time="21.429" classname="com.registration.tests.Step1"/>
  <testcase name="testStep1Find" time="16.140" classname="com.registration.tests.Step1"/>
  <testcase name="testStep1" time="22.706" classname="com.registration.tests.Step1"/>
</testsuite> <!-- com.registration.tests.Step1 -->
