<?xml version="1.0" encoding="UTF-8"?>
<!-- Generated by org.testng.reporters.JUnitReportReporter -->
<testsuite hostname="Z100107" name="com.mainPageTests.CheckForAvaliabilityChooseYourNumbersPageTest" tests="1" failures="0" timestamp="1 Oct 2012 12:50:54 GMT" time="5.878" errors="0">
  <testcase name="checkForAvaliabilityAboutCompanyPageTest" time="5.878" classname="com.mainPageTests.CheckForAvaliabilityChooseYourNumbersPageTest"/>
</testsuite> <!-- com.mainPageTests.CheckForAvaliabilityChooseYourNumbersPageTest -->
