<?xml version="1.0" encoding="UTF-8"?>
<!-- Generated by org.testng.reporters.JUnitReportReporter -->
<testsuite hostname="Z100107" name="com.mainPageTests.CheckForAvaliabilityConnectionPagesTest" tests="1" failures="0" timestamp="1 Oct 2012 10:34:43 GMT" time="15.075" errors="0">
  <testcase name="checkForAvaliabilityConnectionTest" time="15.075" classname="com.mainPageTests.CheckForAvaliabilityConnectionPagesTest"/>
</testsuite> <!-- com.mainPageTests.CheckForAvaliabilityConnectionPagesTest -->
