<?xml version="1.0" encoding="UTF-8"?>
<!-- Generated by org.testng.reporters.JUnitReportReporter -->
<testsuite hostname="Z100107" name="com.mainPageTests.working.CheckForAvaliabilityIVRPageTest" tests="1" failures="0" timestamp="6 Sep 2012 07:27:42 GMT" time="3.279" errors="0">
  <testcase name="checkForAvaliabilityIVRPageTest" time="3.279" classname="com.mainPageTests.working.CheckForAvaliabilityIVRPageTest"/>
</testsuite> <!-- com.mainPageTests.working.CheckForAvaliabilityIVRPageTest -->
