<?xml version="1.0" encoding="UTF-8"?>
<!-- Generated by org.testng.reporters.JUnitReportReporter -->
<testsuite hostname="Z100107" name="com.LKA_Tests.AddAndDeleteNoticesTest" tests="1" failures="0" timestamp="25 Oct 2012 05:05:28 GMT" time="26.719" errors="0">
  <testcase name="addAndDeleteNoticesTest" time="26.719" classname="com.LKA_Tests.AddAndDeleteNoticesTest"/>
</testsuite> <!-- com.LKA_Tests.AddAndDeleteNoticesTest -->
