<?xml version="1.0" encoding="UTF-8"?>
<!-- Generated by org.testng.reporters.JUnitReportReporter -->
<testsuite hostname="Z100107" name="com.mainPageTests.working.CheckForAvaliabilityConnectionTest" tests="1" failures="0" timestamp="5 Sep 2012 11:37:00 GMT" time="10.040" errors="0">
  <testcase name="checkForAvaliabilityConnectionTest" time="10.040" classname="com.mainPageTests.working.CheckForAvaliabilityConnectionTest"/>
</testsuite> <!-- com.mainPageTests.working.CheckForAvaliabilityConnectionTest -->
