<?xml version="1.0" encoding="UTF-8"?>
<!-- Generated by org.testng.reporters.JUnitReportReporter -->
<testsuite hostname="Z100107" name="com.LKA_Tests.YourNumbersTest" tests="1" failures="0" timestamp="27 Sep 2012 08:01:18 GMT" time="19.572" errors="0">
  <testcase name="yourNumbersTest" time="19.572" classname="com.LKA_Tests.YourNumbersTest"/>
</testsuite> <!-- com.LKA_Tests.YourNumbersTest -->
