<?xml version="1.0" encoding="UTF-8"?>
<!-- Generated by org.testng.reporters.JUnitReportReporter -->
<testsuite hostname="Z100107" name="com.mainPageTests.working.CheckForAvaliabilityFreeCallsPageTest" tests="1" failures="0" timestamp="6 Sep 2012 07:27:42 GMT" time="2.308" errors="0">
  <testcase name="checkForAvaliabilityFreeCallsPageTest" time="2.308" classname="com.mainPageTests.working.CheckForAvaliabilityFreeCallsPageTest"/>
</testsuite> <!-- com.mainPageTests.working.CheckForAvaliabilityFreeCallsPageTest -->
