<?xml version="1.0" encoding="UTF-8"?>
<!-- Generated by org.testng.reporters.JUnitReportReporter -->
<testsuite hostname="Z100107" name="com.LKATests.AddAndDeleteGroupsTest" tests="1" failures="0" timestamp="6 Sep 2012 10:20:11 GMT" time="118.517" errors="0">
  <testcase name="numberSelectionRegistrationTest" time="118.517" classname="com.LKATests.AddAndDeleteGroupsTest"/>
</testsuite> <!-- com.LKATests.AddAndDeleteGroupsTest -->
