<?xml version="1.0" encoding="UTF-8"?>
<!-- Generated by org.testng.reporters.JUnitReportReporter -->
<testsuite hostname="Z100107" name="com.mainPageTests.checkForAvaliabilityPages.CheckForAvaliabilitySettingsPageTest" tests="1" failures="0" timestamp="8 Oct 2012 13:51:37 GMT" time="6.071" errors="0">
  <testcase name="checkForAvaliabilitySettingsPageTest" time="6.071" classname="com.mainPageTests.checkForAvaliabilityPages.CheckForAvaliabilitySettingsPageTest"/>
</testsuite> <!-- com.mainPageTests.checkForAvaliabilityPages.CheckForAvaliabilitySettingsPageTest -->
