<?xml version="1.0" encoding="UTF-8"?>
<!-- Generated by org.testng.reporters.JUnitReportReporter -->
<testsuite hostname="Z100107" name="com.LKA_Tests.LKS_VoicemailPageTest" tests="1" failures="0" timestamp="11 Sep 2012 05:31:28 GMT" time="8.664" errors="0">
  <testcase name="lka_voicemailPageTest" time="8.664" classname="com.LKA_Tests.LKS_VoicemailPageTest"/>
</testsuite> <!-- com.LKA_Tests.LKS_VoicemailPageTest -->
