<?xml version="1.0" encoding="UTF-8"?>
<!-- Generated by org.testng.reporters.JUnitReportReporter -->
<testsuite hostname="Z100107" name="com.LKS_Tests.SettingsPageTest" tests="1" failures="0" timestamp="11 Sep 2012 06:55:53 GMT" time="40.929" errors="0">
  <testcase name="settingsPageTest" time="40.929" classname="com.LKS_Tests.SettingsPageTest"/>
</testsuite> <!-- com.LKS_Tests.SettingsPageTest -->
