<?xml version="1.0" encoding="UTF-8"?>
<!-- Generated by org.testng.reporters.JUnitReportReporter -->
<testsuite hostname="Z100107" name="com.mainPageTests.working.CheckForAvaliabilityNewsPageTest" tests="1" failures="0" timestamp="6 Sep 2012 07:27:42 GMT" time="2.360" errors="0">
  <testcase name="checkForAvaliabilityNewsPageTest" time="2.360" classname="com.mainPageTests.working.CheckForAvaliabilityNewsPageTest"/>
</testsuite> <!-- com.mainPageTests.working.CheckForAvaliabilityNewsPageTest -->
