<?xml version="1.0" encoding="UTF-8"?>
<!-- Generated by org.testng.reporters.JUnitReportReporter -->
<testsuite hostname="Z100107" name="com.LKS_Tests.VoiceMailPageTest" tests="1" failures="0" timestamp="11 Sep 2012 06:02:37 GMT" time="9.865" errors="0">
  <testcase name="callForwardingPageTest" time="9.865" classname="com.LKS_Tests.VoiceMailPageTest"/>
</testsuite> <!-- com.LKS_Tests.VoiceMailPageTest -->
