<?xml version="1.0" encoding="UTF-8"?>
<!-- Generated by org.testng.reporters.JUnitReportReporter -->
<testsuite hostname="Z100107" name="com.mainPageTests.working.CheckForAvaliabilityHistoryPageTest" tests="1" failures="0" timestamp="6 Sep 2012 07:27:42 GMT" time="3.974" errors="0">
  <testcase name="checkForAvaliabilityHistoryPageTest" time="3.974" classname="com.mainPageTests.working.CheckForAvaliabilityHistoryPageTest"/>
</testsuite> <!-- com.mainPageTests.working.CheckForAvaliabilityHistoryPageTest -->
