<?xml version="1.0" encoding="UTF-8"?>
<!-- Generated by org.testng.reporters.JUnitReportReporter -->
<testsuite hostname="Anatoly-Korzuns-MacBook-Pro.local" name="com.example.tests.Step2" tests="2" failures="0" timestamp="3 Aug 2012 10:14:08 GMT" time="35.096" errors="0">
  <testcase name="testStep2" time="18.777" classname="com.example.tests.Step2"/>
  <testcase name="testStep2" time="16.319" classname="com.example.tests.Step2"/>
</testsuite> <!-- com.example.tests.Step2 -->
