<?xml version="1.0" encoding="UTF-8"?>
<!-- Generated by org.testng.reporters.JUnitReportReporter -->
<testsuite hostname="Z100107" name="com.mainPageTests.working.CheckForAvaliabilityGroupsPageTest" tests="1" failures="0" timestamp="6 Sep 2012 07:27:42 GMT" time="3.177" errors="0">
  <testcase name="checkForAvaliabilityGroupsPageTest" time="3.177" classname="com.mainPageTests.working.CheckForAvaliabilityGroupsPageTest"/>
</testsuite> <!-- com.mainPageTests.working.CheckForAvaliabilityGroupsPageTest -->
