<?xml version="1.0" encoding="UTF-8"?>
<!-- Generated by org.testng.reporters.JUnitReportReporter -->
<testsuite hostname="Anatoly-Korzuns-MacBook-Pro.local" name="com.example.tests.Step1" tests="10" failures="0" timestamp="3 Aug 2012 10:14:08 GMT" time="142.964" errors="0">
  <testcase name="testStep1" time="16.776" classname="com.example.tests.Step1"/>
  <testcase name="testStep1" time="16.970" classname="com.example.tests.Step1"/>
  <testcase name="testStep1" time="16.575" classname="com.example.tests.Step1"/>
  <testcase name="testStep1" time="15.981" classname="com.example.tests.Step1"/>
  <testcase name="testStep1Find" time="8.355" classname="com.example.tests.Step1"/>
  <testcase name="testStep1Find" time="8.204" classname="com.example.tests.Step1"/>
  <testcase name="testStep1" time="20.955" classname="com.example.tests.Step1"/>
  <testcase name="testStep1Find" time="8.294" classname="com.example.tests.Step1"/>
  <testcase name="testStep1" time="20.990" classname="com.example.tests.Step1"/>
  <testcase name="testStep1" time="9.864" classname="com.example.tests.Step1"/>
</testsuite> <!-- com.example.tests.Step1 -->
