<?xml version="1.0" encoding="UTF-8"?>
<!-- Generated by org.testng.reporters.JUnitReportReporter -->
<testsuite hostname="Z100107" name="com.LKS_Tests.CallForwardingAllDayTest" tests="1" failures="0" timestamp="18 Sep 2012 07:34:00 GMT" time="23.026" errors="0">
  <testcase name="callForwardingAddNumberTest" time="23.026" classname="com.LKS_Tests.CallForwardingAllDayTest"/>
</testsuite> <!-- com.LKS_Tests.CallForwardingAllDayTest -->
