<?xml version="1.0" encoding="UTF-8"?>
<!-- Generated by org.testng.reporters.JUnitReportReporter -->
<testsuite hostname="Z100107" name="com.LKA_Tests.AgreementOPFTest" tests="1" failures="0" timestamp="24 Sep 2012 12:02:56 GMT" time="32.265" errors="0">
  <testcase name="addAndDeleteNoticesTest" time="32.265" classname="com.LKA_Tests.AgreementOPFTest"/>
</testsuite> <!-- com.LKA_Tests.AgreementOPFTest -->
