<?xml version="1.0" encoding="UTF-8"?>
<!-- Generated by org.testng.reporters.JUnitReportReporter -->
<testsuite hostname="Z100107" name="com.mainPageTests.CheckForAvailabilityAdvantagesPagesTest" tests="1" failures="0" timestamp="27 Sep 2012 10:27:37 GMT" time="14.355" errors="0">
  <testcase name="checkForAvailabilityAdvantagesPageTest" time="14.355" classname="com.mainPageTests.CheckForAvailabilityAdvantagesPagesTest"/>
</testsuite> <!-- com.mainPageTests.CheckForAvailabilityAdvantagesPagesTest -->
