<?xml version="1.0" encoding="UTF-8"?>
<!-- Generated by org.testng.reporters.JUnitReportReporter -->
<testsuite hostname="Z100107" name="com.mainPageTests.CheckForAvaliabilityBlackListPage" tests="1" failures="0" timestamp="1 Oct 2012 11:17:51 GMT" time="22.048" errors="0">
  <testcase name="checkForAvaliabilityAboutCompanyPageTest" time="22.048" classname="com.mainPageTests.CheckForAvaliabilityBlackListPage"/>
</testsuite> <!-- com.mainPageTests.CheckForAvaliabilityBlackListPage -->
