<?xml version="1.0" encoding="UTF-8"?>
<!-- Generated by org.testng.reporters.JUnitReportReporter -->
<testsuite hostname="Z100107" name="com.LKA_Tests.AddAndDeleteNoticesTest" tests="1" failures="0" timestamp="27 Sep 2012 07:27:05 GMT" time="27.940" errors="0">
  <testcase name="addAndDeleteNoticesTest" time="27.940" classname="com.LKA_Tests.AddAndDeleteNoticesTest"/>
</testsuite> <!-- com.LKA_Tests.AddAndDeleteNoticesTest -->
