<?xml version="1.0" encoding="UTF-8"?>
<!-- Generated by org.testng.reporters.JUnitReportReporter -->
<testsuite hostname="Z100107" name="com.mainPageTests.working.CheckForAvaliabilityPricesPageTest" tests="1" failures="0" timestamp="5 Sep 2012 11:06:12 GMT" time="11.219" errors="0">
  <testcase name="checkForAvaliabilityPricesPageTest" time="11.219" classname="com.mainPageTests.working.CheckForAvaliabilityPricesPageTest"/>
</testsuite> <!-- com.mainPageTests.working.CheckForAvaliabilityPricesPageTest -->
