<?xml version="1.0" encoding="UTF-8"?>
<!-- Generated by org.testng.reporters.JUnitReportReporter -->
<testsuite hostname="Z100107" name="com.LKA_Tests.AddAndDeleteNoticesTest" tests="1" failures="0" timestamp="10 Sep 2012 13:14:13 GMT" time="23.697" errors="0">
  <testcase name="addAndDeleteNoticesTest" time="23.697" classname="com.LKA_Tests.AddAndDeleteNoticesTest"/>
</testsuite> <!-- com.LKA_Tests.AddAndDeleteNoticesTest -->
