<?xml version="1.0" encoding="UTF-8"?>
<!-- Generated by org.testng.reporters.JUnitReportReporter -->
<testsuite hostname="Z100107" name="com.mainPageTests.CheckForAvaliabilityAboutCompanyPageTest" tests="1" failures="0" timestamp="27 Sep 2012 10:29:53 GMT" time="1.932" errors="0">
  <testcase name="checkForAvaliabilityAboutCompanyPageTest" time="1.932" classname="com.mainPageTests.CheckForAvaliabilityAboutCompanyPageTest"/>
</testsuite> <!-- com.mainPageTests.CheckForAvaliabilityAboutCompanyPageTest -->
