<?xml version="1.0" encoding="UTF-8"?>
<!-- Generated by org.testng.reporters.JUnitReportReporter -->
<testsuite hostname="Z100107" name="com.mainPageTests.working.CheckForAvaliabilityRecordingPageTest" tests="1" failures="0" timestamp="6 Sep 2012 07:27:42 GMT" time="2.496" errors="0">
  <testcase name="checkForAvaliabilityRecordingPageTest" time="2.496" classname="com.mainPageTests.working.CheckForAvaliabilityRecordingPageTest"/>
</testsuite> <!-- com.mainPageTests.working.CheckForAvaliabilityRecordingPageTest -->
