<?xml version="1.0" encoding="UTF-8"?>
<!-- Generated by org.testng.reporters.JUnitReportReporter -->
<testsuite hostname="Z100107" name="com.LKA_Tests.ClickOnAvatarTest" tests="1" failures="0" timestamp="27 Sep 2012 07:29:21 GMT" time="11.390" errors="0">
  <testcase name="clickOnAvatarTest" time="11.390" classname="com.LKA_Tests.ClickOnAvatarTest"/>
</testsuite> <!-- com.LKA_Tests.ClickOnAvatarTest -->
