<?xml version="1.0" encoding="UTF-8"?>
<!-- Generated by org.testng.reporters.JUnitReportReporter -->
<testsuite hostname="Z100107" name="com.mainPageTests.CheckForAvaliabilityFastRegistrationPageTest" tests="1" failures="0" timestamp="1 Oct 2012 12:51:23 GMT" time="1.594" errors="0">
  <testcase name="checkForAvaliabilityFastRegistrationPageTest" time="1.594" classname="com.mainPageTests.CheckForAvaliabilityFastRegistrationPageTest"/>
</testsuite> <!-- com.mainPageTests.CheckForAvaliabilityFastRegistrationPageTest -->
