<?xml version="1.0" encoding="UTF-8"?>
<!-- Generated by org.testng.reporters.JUnitReportReporter -->
<testsuite hostname="Z100107" name="com.mainPageTests.checkForAvaliabilityPages.CheckForAvaliabilityFiveNumbersPageTest" tests="1" failures="1" timestamp="22 Oct 2012 06:30:21 GMT" time="0.001" errors="0">
  <testcase name="checkForAvaliabilityFiveNumbersPageTest" time="0.001" classname="com.mainPageTests.checkForAvaliabilityPages.CheckForAvaliabilityFiveNumbersPageTest">
    <failure type="java.lang.AbstractMethodError" message="com.unitedinternet.portal.selenium.utils.logging.LoggingCommandProcessor.getRemoteControlServerLocation()Ljava/lang/String;">
      <![CDATA[java.lang.AbstractMethodError: com.unitedinternet.portal.selenium.utils.logging.LoggingCommandProcessor.getRemoteControlServerLocation()Ljava/lang/String;
	at com.thoughtworks.selenium.DefaultSelenium.start(DefaultSelenium.java:105)
	at com.test.fw.SeleniumHelper.createNewLoggingSelenium(SeleniumHelper.java:68)
	at com.test.fw.SeleniumHelper.getSelenium(SeleniumHelper.java:20)
	at com.registration.tests.TestBaseReg.setUp(TestBaseReg.java:16)
	at sun.reflect.NativeMethodAccessorImpl.invoke0(Native Method)
	at sun.reflect.NativeMethodAccessorImpl.invoke(Unknown Source)
	at sun.reflect.DelegatingMethodAccessorImpl.invoke(Unknown Source)
	at java.lang.reflect.Method.invoke(Unknown Source)
	at org.testng.internal.MethodInvocationHelper.invokeMethod(MethodInvocationHelper.java:80)
	at org.testng.internal.Invoker.invokeConfigurationMethod(Invoker.java:564)
	at org.testng.internal.Invoker.invokeConfigurations(Invoker.java:213)
	at org.testng.internal.Invoker.invokeConfigurations(Invoker.java:138)
	at org.testng.internal.TestMethodWorker.invokeBeforeClassMethods(TestMethodWorker.java:175)
	at org.testng.internal.TestMethodWorker.run(TestMethodWorker.java:107)
	at org.testng.TestRunner.privateRun(TestRunner.java:767)
	at org.testng.TestRunner.run(TestRunner.java:617)
	at org.testng.SuiteRunner.runTest(SuiteRunner.java:334)
	at org.testng.SuiteRunner.runSequentially(SuiteRunner.java:329)
	at org.testng.SuiteRunner.privateRun(SuiteRunner.java:291)
	at org.testng.SuiteRunner.run(SuiteRunner.java:240)
	at org.testng.SuiteRunnerWorker.runSuite(SuiteRunnerWorker.java:52)
	at org.testng.SuiteRunnerWorker.run(SuiteRunnerWorker.java:86)
	at org.testng.TestNG.runSuitesSequentially(TestNG.java:1197)
	at org.testng.TestNG.runSuitesLocally(TestNG.java:1122)
	at org.testng.TestNG.run(TestNG.java:1030)
	at org.testng.remote.RemoteTestNG.run(RemoteTestNG.java:111)
	at org.testng.remote.RemoteTestNG.initAndRun(RemoteTestNG.java:204)
	at org.testng.remote.RemoteTestNG.main(RemoteTestNG.java:175)
]]>
    </failure>
  </testcase> <!-- checkForAvaliabilityFiveNumbersPageTest -->
</testsuite> <!-- com.mainPageTests.checkForAvaliabilityPages.CheckForAvaliabilityFiveNumbersPageTest -->
