<?xml version="1.0" encoding="UTF-8"?>
<!-- Generated by org.testng.reporters.JUnitReportReporter -->
<testsuite hostname="Z100107" name="com.LKA_Tests.ClickOnPromoTest" tests="1" failures="0" timestamp="27 Sep 2012 07:45:18 GMT" time="8.708" errors="0">
  <testcase name="clickOnPromoTest" time="8.708" classname="com.LKA_Tests.ClickOnPromoTest"/>
</testsuite> <!-- com.LKA_Tests.ClickOnPromoTest -->
