<?xml version="1.0" encoding="UTF-8"?>
<!-- Generated by org.testng.reporters.JUnitReportReporter -->
<testsuite hostname="Z100107" name="com.LKA_Tests.ClickOnPersonalAccountTest" tests="1" failures="0" timestamp="27 Sep 2012 07:58:36 GMT" time="9.798" errors="0">
  <testcase name="clickOnPersonalAccountTest" time="9.798" classname="com.LKA_Tests.ClickOnPersonalAccountTest"/>
</testsuite> <!-- com.LKA_Tests.ClickOnPersonalAccountTest -->
