<?xml version="1.0" encoding="UTF-8"?>
<!-- Generated by org.testng.reporters.JUnitReportReporter -->
<testsuite hostname="Z100107" name="com.mainPageTests.checkForAvaliabilityPages.CheckForAvaliabilityGroupsPageTest" tests="1" failures="0" timestamp="2 Oct 2012 05:59:34 GMT" time="15.185" errors="0">
  <testcase name="checkForAvaliabilityGroupsPageTest" time="15.185" classname="com.mainPageTests.checkForAvaliabilityPages.CheckForAvaliabilityGroupsPageTest"/>
</testsuite> <!-- com.mainPageTests.checkForAvaliabilityPages.CheckForAvaliabilityGroupsPageTest -->
