<?xml version="1.0" encoding="UTF-8"?>
<!-- Generated by org.testng.reporters.JUnitReportReporter -->
<testsuite hostname="Z100107" name="com.mainPageTests.CheckForAvaliabilityContactsPageTest" tests="1" failures="0" timestamp="1 Oct 2012 11:18:44 GMT" time="23.242" errors="0">
  <testcase name="checkForAvaliabilityContactsPageTest" time="23.242" classname="com.mainPageTests.CheckForAvaliabilityContactsPageTest"/>
</testsuite> <!-- com.mainPageTests.CheckForAvaliabilityContactsPageTest -->
