<?xml version="1.0" encoding="UTF-8"?>
<!-- Generated by org.testng.reporters.JUnitReportReporter -->
<testsuite hostname="Z100107" name="com.LKS_Tests.PhoneAddEmptyContactTest" tests="1" failures="0" timestamp="24 Oct 2012 07:54:43 GMT" time="27.996" errors="0">
  <testcase name="phoneAddGroupAndCancelTest" time="27.996" classname="com.LKS_Tests.PhoneAddEmptyContactTest"/>
</testsuite> <!-- com.LKS_Tests.PhoneAddEmptyContactTest -->
