<?xml version="1.0" encoding="UTF-8"?>
<!-- Generated by org.testng.reporters.JUnitReportReporter -->
<testsuite hostname="Z100107" name="com.LKA_Tests.CallForwardingPageTest" tests="1" failures="0" timestamp="11 Sep 2012 11:57:34 GMT" time="13.864" errors="0">
  <testcase name="clickOnAvatarTest" time="13.864" classname="com.LKA_Tests.CallForwardingPageTest"/>
</testsuite> <!-- com.LKA_Tests.CallForwardingPageTest -->
