<?xml version="1.0" encoding="UTF-8"?>
<!-- Generated by org.testng.reporters.JUnitReportReporter -->
<testsuite hostname="Z100107" name="com.mainPageTests.working.CheckForAvaliabilityForPartnersPageTest" tests="1" failures="0" timestamp="6 Sep 2012 07:27:42 GMT" time="2.472" errors="0">
  <testcase name="checkForAvaliabilityForPartnersPageTest" time="2.472" classname="com.mainPageTests.working.CheckForAvaliabilityForPartnersPageTest"/>
</testsuite> <!-- com.mainPageTests.working.CheckForAvaliabilityForPartnersPageTest -->
