<?xml version="1.0" encoding="UTF-8"?>
<!-- Generated by org.testng.reporters.JUnitReportReporter -->
<testsuite hostname="Z100107" name="com.LKA_Tests.VoiceMailPageTest" tests="1" failures="0" timestamp="27 Sep 2012 07:58:36 GMT" time="13.430" errors="0">
  <testcase name="voiceMailTest" time="13.430" classname="com.LKA_Tests.VoiceMailPageTest"/>
</testsuite> <!-- com.LKA_Tests.VoiceMailPageTest -->
