<?xml version="1.0" encoding="UTF-8"?>
<!-- Generated by org.testng.reporters.JUnitReportReporter -->
<testsuite hostname="Z100107" name="com.mainPageTests.working.CheckForAvaliabilityTariffsPageTest" tests="1" failures="0" timestamp="6 Sep 2012 07:27:42 GMT" time="2.325" errors="0">
  <testcase name="checkForAvaliabilityTariffsPageTest" time="2.325" classname="com.mainPageTests.working.CheckForAvaliabilityTariffsPageTest"/>
</testsuite> <!-- com.mainPageTests.working.CheckForAvaliabilityTariffsPageTest -->
