<?xml version="1.0" encoding="UTF-8"?>
<!-- Generated by org.testng.reporters.JUnitReportReporter -->
<testsuite hostname="Z100107" name="com.LKA_Tests.ClickOnExitTest" tests="1" failures="0" timestamp="10 Sep 2012 13:14:13 GMT" time="8.421" errors="0">
  <testcase name="clickOnExitTest" time="8.421" classname="com.LKA_Tests.ClickOnExitTest"/>
</testsuite> <!-- com.LKA_Tests.ClickOnExitTest -->
