<?xml version="1.0" encoding="UTF-8"?>
<!-- Generated by org.testng.reporters.JUnitReportReporter -->
<testsuite hostname="Z100107" name="com.LKA_Tests.AddAndDeleteGroupsTest" tests="1" failures="0" timestamp="27 Sep 2012 07:06:27 GMT" time="38.806" errors="0">
  <testcase name="addAndDeleteGroupsTest" time="38.806" classname="com.LKA_Tests.AddAndDeleteGroupsTest"/>
</testsuite> <!-- com.LKA_Tests.AddAndDeleteGroupsTest -->
