<?xml version="1.0" encoding="UTF-8"?>
<!-- Generated by org.testng.reporters.JUnitReportReporter -->
<testsuite hostname="Z100107" name="com.LKA_Tests.FaxPageTest" tests="1" failures="0" timestamp="25 Oct 2012 05:11:42 GMT" time="18.496" errors="0">
  <testcase name="faxPageTest" time="18.496" classname="com.LKA_Tests.FaxPageTest"/>
</testsuite> <!-- com.LKA_Tests.FaxPageTest -->
