<?xml version="1.0" encoding="UTF-8"?>
<!-- Generated by org.testng.reporters.JUnitReportReporter -->
<testsuite hostname="Z100107" name="com.LKA_Tests.PaymentsPageTest" tests="1" failures="0" timestamp="27 Sep 2012 07:45:18 GMT" time="8.466" errors="0">
  <testcase name="soundFilesTest" time="8.466" classname="com.LKA_Tests.PaymentsPageTest"/>
</testsuite> <!-- com.LKA_Tests.PaymentsPageTest -->
