<?xml version="1.0" encoding="UTF-8"?>
<!-- Generated by org.testng.reporters.JUnitReportReporter -->
<testsuite hostname="Z100107" name="com.LKA_Tests.ClickOnPasswordChangeTest" tests="1" failures="0" timestamp="27 Sep 2012 07:58:36 GMT" time="9.638" errors="0">
  <testcase name="clickOnPasswordChangeTest" time="9.638" classname="com.LKA_Tests.ClickOnPasswordChangeTest"/>
</testsuite> <!-- com.LKA_Tests.ClickOnPasswordChangeTest -->
