<?xml version="1.0" encoding="UTF-8"?>
<!-- Generated by org.testng.reporters.JUnitReportReporter -->
<testsuite hostname="Z100107" name="com.LKA_Tests.VoiceMailTest" tests="1" failures="0" timestamp="6 Sep 2012 13:28:53 GMT" time="23.156" errors="0">
  <testcase name="addAndDeleteGroupsTest" time="23.156" classname="com.LKA_Tests.VoiceMailTest"/>
</testsuite> <!-- com.LKA_Tests.VoiceMailTest -->
