<?xml version="1.0" encoding="UTF-8"?>
<!-- Generated by org.testng.reporters.JUnitReportReporter -->
<testsuite hostname="Z100107" name="com.mainPageTests.working.CheckForAvaliabilityContactsPageTest" tests="1" failures="0" timestamp="6 Sep 2012 07:27:42 GMT" time="2.675" errors="0">
  <testcase name="checkForAvaliabilityContactsPageTest" time="2.675" classname="com.mainPageTests.working.CheckForAvaliabilityContactsPageTest"/>
</testsuite> <!-- com.mainPageTests.working.CheckForAvaliabilityContactsPageTest -->
