<?xml version="1.0" encoding="UTF-8"?>
<!-- Generated by org.testng.reporters.JUnitReportReporter -->
<testsuite hostname="Z100107" name="com.mainPageTests.checkForAvaliabilityPages.CheckForAvaliabilityIncomingCallsPageTest" tests="1" failures="0" timestamp="2 Oct 2012 06:07:22 GMT" time="2.360" errors="0">
  <testcase name="checkForAvaliabilityIncomingCallsPageTest" time="2.360" classname="com.mainPageTests.checkForAvaliabilityPages.CheckForAvaliabilityIncomingCallsPageTest"/>
</testsuite> <!-- com.mainPageTests.checkForAvaliabilityPages.CheckForAvaliabilityIncomingCallsPageTest -->
