<?xml version="1.0" encoding="UTF-8"?>
<!-- Generated by org.testng.reporters.JUnitReportReporter -->
<testsuite hostname="Z100107" name="com.LKS_Tests.HistoryPageTest" tests="1" failures="0" timestamp="24 Oct 2012 07:31:25 GMT" time="15.829" errors="0">
  <testcase name="historyPageTest" time="15.829" classname="com.LKS_Tests.HistoryPageTest"/>
</testsuite> <!-- com.LKS_Tests.HistoryPageTest -->
