<?xml version="1.0" encoding="UTF-8"?>
<!-- Generated by org.testng.reporters.JUnitReportReporter -->
<testsuite hostname="Z100107" name="com.LKA_Tests.YourNumbersTest" tests="1" failures="0" timestamp="25 Oct 2012 05:10:01 GMT" time="23.928" errors="0">
  <testcase name="yourNumbersTest" time="23.928" classname="com.LKA_Tests.YourNumbersTest"/>
</testsuite> <!-- com.LKA_Tests.YourNumbersTest -->
