<?xml version="1.0" encoding="UTF-8"?>
<!-- Generated by org.testng.reporters.JUnitReportReporter -->
<testsuite hostname="Z100107" name="com.LKA_Tests.ClickOnInternalNumbersTest" tests="1" failures="0" timestamp="25 Oct 2012 05:11:08 GMT" time="21.210" errors="0">
  <testcase name="clickOnInternalNumbersTest" time="21.210" classname="com.LKA_Tests.ClickOnInternalNumbersTest"/>
</testsuite> <!-- com.LKA_Tests.ClickOnInternalNumbersTest -->
