<?xml version="1.0" encoding="UTF-8"?>
<!-- Generated by org.testng.reporters.JUnitReportReporter -->
<testsuite hostname="Z100107" name="com.mainPageTests.CheckForAvaliabilityDirectCallPageTest" tests="1" failures="0" timestamp="1 Oct 2012 12:18:23 GMT" time="6.914" errors="0">
  <testcase name="checkForAvaliabilityDirectCallPageTest" time="6.914" classname="com.mainPageTests.CheckForAvaliabilityDirectCallPageTest"/>
</testsuite> <!-- com.mainPageTests.CheckForAvaliabilityDirectCallPageTest -->
