<?xml version="1.0" encoding="UTF-8"?>
<!-- Generated by org.testng.reporters.JUnitReportReporter -->
<testsuite hostname="Z100107" name="com.LKA_Tests.PaymentsPageTest" tests="1" failures="0" timestamp="11 Sep 2012 11:34:24 GMT" time="11.800" errors="0">
  <testcase name="soundFilesTest" time="11.800" classname="com.LKA_Tests.PaymentsPageTest"/>
</testsuite> <!-- com.LKA_Tests.PaymentsPageTest -->
