<?xml version="1.0" encoding="UTF-8"?>
<!-- Generated by org.testng.reporters.JUnitReportReporter -->
<testsuite hostname="Z100107" name="com.LKS_Tests.PhoneCreateEmptyNameGroupTest" tests="1" failures="0" timestamp="25 Oct 2012 06:00:41 GMT" time="33.837" errors="0">
  <testcase name="phoneCreateAndDeleteGroupTest" time="33.837" classname="com.LKS_Tests.PhoneCreateEmptyNameGroupTest"/>
</testsuite> <!-- com.LKS_Tests.PhoneCreateEmptyNameGroupTest -->
