<?xml version="1.0" encoding="UTF-8"?>
<!-- Generated by org.testng.reporters.JUnitReportReporter -->
<testsuite hostname="Z100107" name="com.LKA_Tests.SoundFilesTest" tests="1" failures="0" timestamp="6 Sep 2012 13:23:27 GMT" time="14.110" errors="0">
  <testcase name="addAndDeleteGroupsTest" time="14.110" classname="com.LKA_Tests.SoundFilesTest"/>
</testsuite> <!-- com.LKA_Tests.SoundFilesTest -->
