<?xml version="1.0" encoding="UTF-8"?>
<!-- Generated by org.testng.reporters.JUnitReportReporter -->
<testsuite hostname="Z100107" name="com.mainPageTests.RegistrationCloseVerificationWindowEmptyFieldTest" tests="1" failures="0" timestamp="24 Sep 2012 13:38:02 GMT" time="13.869" errors="0">
  <testcase name="registrationCloseVerificationWindowTest" time="13.869" classname="com.mainPageTests.RegistrationCloseVerificationWindowEmptyFieldTest"/>
</testsuite> <!-- com.mainPageTests.RegistrationCloseVerificationWindowEmptyFieldTest -->
