<?xml version="1.0" encoding="UTF-8"?>
<!-- Generated by org.testng.reporters.JUnitReportReporter -->
<testsuite hostname="Z100107" name="com.mainPageTests.working.CheckForAvaliabilityVoiceToEMailPageTest" tests="1" failures="0" timestamp="6 Sep 2012 07:27:42 GMT" time="2.339" errors="0">
  <testcase name="checkForAvaliabilityVoiceToEMailPageTest" time="2.339" classname="com.mainPageTests.working.CheckForAvaliabilityVoiceToEMailPageTest"/>
</testsuite> <!-- com.mainPageTests.working.CheckForAvaliabilityVoiceToEMailPageTest -->
