<?xml version="1.0" encoding="UTF-8"?>
<!-- Generated by org.testng.reporters.JUnitReportReporter -->
<testsuite hostname="Z100107" name="com.LKS_Tests.PhonePostPresentTest" tests="1" failures="0" timestamp="24 Sep 2012 13:10:37 GMT" time="18.591" errors="0">
  <testcase name="settingsPageTest" time="18.591" classname="com.LKS_Tests.PhonePostPresentTest"/>
</testsuite> <!-- com.LKS_Tests.PhonePostPresentTest -->
