<?xml version="1.0" encoding="UTF-8"?>
<!-- Generated by org.testng.reporters.JUnitReportReporter -->
<testsuite hostname="Z100107" name="com.LKA_Tests.ClickOnDiskSpaceTest" tests="1" failures="0" timestamp="27 Sep 2012 07:45:18 GMT" time="8.890" errors="0">
  <testcase name="clickOnDiskSpaceTest" time="8.890" classname="com.LKA_Tests.ClickOnDiskSpaceTest"/>
</testsuite> <!-- com.LKA_Tests.ClickOnDiskSpaceTest -->
