<?xml version="1.0" encoding="UTF-8"?>
<!-- Generated by org.testng.reporters.JUnitReportReporter -->
<testsuite hostname="Z100107" name="com.mainPageTests.working.CheckForAvaliabilitySupportPagesTest" tests="1" failures="0" timestamp="5 Sep 2012 11:40:37 GMT" time="4.960" errors="0">
  <testcase name="checkForAvaliabilitySupportPagesTest" time="4.960" classname="com.mainPageTests.working.CheckForAvaliabilitySupportPagesTest"/>
</testsuite> <!-- com.mainPageTests.working.CheckForAvaliabilitySupportPagesTest -->
