<?xml version="1.0" encoding="UTF-8"?>
<!-- Generated by org.testng.reporters.JUnitReportReporter -->
<testsuite hostname="Z100107" name="com.mainPageTests.working.CheckForAvaliabilityUnlimitedNumbersPageTest" tests="1" failures="0" timestamp="6 Sep 2012 07:27:42 GMT" time="4.773" errors="0">
  <testcase name="checkForAvaliabilityUnlimitedNumbersPageTest" time="4.773" classname="com.mainPageTests.working.CheckForAvaliabilityUnlimitedNumbersPageTest"/>
</testsuite> <!-- com.mainPageTests.working.CheckForAvaliabilityUnlimitedNumbersPageTest -->
