<?xml version="1.0" encoding="UTF-8"?>
<!-- Generated by org.testng.reporters.JUnitReportReporter -->
<testsuite hostname="Z100107" name="com.LKA_Tests.AgreementOPFTest" tests="1" failures="0" timestamp="27 Sep 2012 07:27:40 GMT" time="11.736" errors="0">
  <testcase name="addAndDeleteNoticesTest" time="11.736" classname="com.LKA_Tests.AgreementOPFTest"/>
</testsuite> <!-- com.LKA_Tests.AgreementOPFTest -->
