<?xml version="1.0" encoding="UTF-8"?>
<!-- Generated by org.testng.reporters.JUnitReportReporter -->
<testsuite hostname="Z100107" name="com.LKA_Tests.YourNumbersTest" tests="1" failures="0" timestamp="11 Sep 2012 11:35:53 GMT" time="14.989" errors="0">
  <testcase name="yourNumbersTest" time="14.989" classname="com.LKA_Tests.YourNumbersTest"/>
</testsuite> <!-- com.LKA_Tests.YourNumbersTest -->
