<?xml version="1.0" encoding="UTF-8"?>
<!-- Generated by org.testng.reporters.JUnitReportReporter -->
<testsuite hostname="Z100107" name="com.LKS_Tests.HistoryCalendarWorkingTest" tests="1" failures="0" timestamp="25 Oct 2012 05:14:52 GMT" time="17.306" errors="0">
  <testcase name="historyCalendarWorkingTest" time="17.306" classname="com.LKS_Tests.HistoryCalendarWorkingTest"/>
</testsuite> <!-- com.LKS_Tests.HistoryCalendarWorkingTest -->
