<?xml version="1.0" encoding="UTF-8"?>
<!-- Generated by org.testng.reporters.JUnitReportReporter -->
<testsuite hostname="Z100107" name="com.mainPageTests.checkForAvaliabilityPages.CheckForAvaliabilityServicesPagesTest" tests="1" failures="0" timestamp="9 Oct 2012 07:16:31 GMT" time="12.790" errors="0">
  <testcase name="checkForAvaliabilityServicesPageTest" time="12.790" classname="com.mainPageTests.checkForAvaliabilityPages.CheckForAvaliabilityServicesPagesTest"/>
</testsuite> <!-- com.mainPageTests.checkForAvaliabilityPages.CheckForAvaliabilityServicesPagesTest -->
