<?xml version="1.0" encoding="UTF-8"?>
<!-- Generated by org.testng.reporters.JUnitReportReporter -->
<testsuite hostname="Z100107" name="com.mainPageTests.working.CheckForAvaliabilityShedulesPageTest" tests="1" failures="0" timestamp="6 Sep 2012 07:27:42 GMT" time="11.743" errors="0">
  <testcase name="checkForAvaliabilityShedulesPageTest" time="11.743" classname="com.mainPageTests.working.CheckForAvaliabilityShedulesPageTest"/>
</testsuite> <!-- com.mainPageTests.working.CheckForAvaliabilityShedulesPageTest -->
