<?xml version="1.0" encoding="UTF-8"?>
<!-- Generated by org.testng.reporters.JUnitReportReporter -->
<testsuite hostname="Z100107" name="com.mainPageTests.working.CheckForAvaliabilityBlacklistPageTest" tests="1" failures="0" timestamp="6 Sep 2012 07:27:42 GMT" time="5.990" errors="0">
  <testcase name="checkForAvaliabilityBlacklistPageTest" time="5.990" classname="com.mainPageTests.working.CheckForAvaliabilityBlacklistPageTest"/>
</testsuite> <!-- com.mainPageTests.working.CheckForAvaliabilityBlacklistPageTest -->
