<?xml version="1.0" encoding="UTF-8"?>
<!-- Generated by org.testng.reporters.JUnitReportReporter -->
<testsuite hostname="Z100107" name="com.mainPageTests.RegistrationCancelVerificationButtonEmptyFieldTest" tests="1" failures="0" timestamp="24 Sep 2012 13:38:02 GMT" time="15.573" errors="0">
  <testcase name="registrationCancelVerificationButtonEmptyFieldTest" time="15.573" classname="com.mainPageTests.RegistrationCancelVerificationButtonEmptyFieldTest"/>
</testsuite> <!-- com.mainPageTests.RegistrationCancelVerificationButtonEmptyFieldTest -->
