<?xml version="1.0" encoding="UTF-8"?>
<!-- Generated by org.testng.reporters.JUnitReportReporter -->
<testsuite hostname="Z100107" name="com.LKA_Tests.ClickOnPasswordChangeTest" tests="1" failures="0" timestamp="25 Oct 2012 05:12:10 GMT" time="13.219" errors="0">
  <testcase name="clickOnPasswordChangeTest" time="13.219" classname="com.LKA_Tests.ClickOnPasswordChangeTest"/>
</testsuite> <!-- com.LKA_Tests.ClickOnPasswordChangeTest -->
