<?xml version="1.0" encoding="UTF-8"?>
<!-- Generated by org.testng.reporters.JUnitReportReporter -->
<testsuite hostname="Z100107" name="com.LKA_Tests.ClickOnContractTest" tests="1" failures="0" timestamp="27 Sep 2012 07:37:05 GMT" time="19.058" errors="0">
  <testcase name="clickOnContractTest" time="19.058" classname="com.LKA_Tests.ClickOnContractTest"/>
</testsuite> <!-- com.LKA_Tests.ClickOnContractTest -->
