<?xml version="1.0" encoding="UTF-8"?>
<!-- Generated by org.testng.reporters.JUnitReportReporter -->
<testsuite hostname="Z100107" name="com.LKS_Tests.HistoryPageTest" tests="1" failures="0" timestamp="11 Sep 2012 06:51:31 GMT" time="25.736" errors="0">
  <testcase name="historyPageTest" time="25.736" classname="com.LKS_Tests.HistoryPageTest"/>
</testsuite> <!-- com.LKS_Tests.HistoryPageTest -->
