<?xml version="1.0" encoding="UTF-8"?>
<!-- Generated by org.testng.reporters.JUnitReportReporter -->
<testsuite hostname="Z100107" name="com.mainPageTests.CheckForAvaliabilityHistoryPageTest" tests="1" failures="0" timestamp="14 Sep 2012 08:01:44 GMT" time="5.730" errors="0">
  <testcase name="checkForAvaliabilityHistoryPageTest" time="5.730" classname="com.mainPageTests.CheckForAvaliabilityHistoryPageTest"/>
</testsuite> <!-- com.mainPageTests.CheckForAvaliabilityHistoryPageTest -->
