<?xml version="1.0" encoding="UTF-8"?>
<!-- Generated by org.testng.reporters.JUnitReportReporter -->
<testsuite hostname="Z100107" name="com.mainPageTests.working.CheckForAvailabilityAdvantagesPageTest" tests="1" failures="0" timestamp="5 Sep 2012 10:24:27 GMT" time="18.020" errors="0">
  <testcase name="checkForAvailabilityAdvantagesPageTest" time="18.020" classname="com.mainPageTests.working.CheckForAvailabilityAdvantagesPageTest"/>
</testsuite> <!-- com.mainPageTests.working.CheckForAvailabilityAdvantagesPageTest -->
