<?xml version="1.0" encoding="UTF-8"?>
<!-- Generated by org.testng.reporters.JUnitReportReporter -->
<testsuite hostname="Z100107" name="com.LKA_Tests.ClickOnBalanceTest" tests="1" failures="0" timestamp="27 Sep 2012 07:32:29 GMT" time="11.729" errors="0">
  <testcase name="clickOnBalanceTest" time="11.729" classname="com.LKA_Tests.ClickOnBalanceTest"/>
</testsuite> <!-- com.LKA_Tests.ClickOnBalanceTest -->
