<?xml version="1.0" encoding="UTF-8"?>
<!-- Generated by org.testng.reporters.JUnitReportReporter -->
<testsuite hostname="Anatoly-Korzuns-MacBook-Pro.local" name="com.registration.tests.Step2" tests="2" failures="0" timestamp="3 Aug 2012 10:35:26 GMT" time="47.243" errors="0">
  <testcase name="testStep2" time="31.262" classname="com.registration.tests.Step2"/>
  <testcase name="testStep2" time="15.981" classname="com.registration.tests.Step2"/>
</testsuite> <!-- com.registration.tests.Step2 -->
