<?xml version="1.0" encoding="UTF-8"?>
<!-- Generated by org.testng.reporters.JUnitReportReporter -->
<testsuite hostname="Z100107" name="com.LKS_Tests.PhoneAddNumberToContactTest" tests="1" failures="0" timestamp="25 Oct 2012 05:18:35 GMT" time="58.384" errors="0">
  <testcase name="phoneAddGroupAndCancelTest" time="58.384" classname="com.LKS_Tests.PhoneAddNumberToContactTest"/>
</testsuite> <!-- com.LKS_Tests.PhoneAddNumberToContactTest -->
