<?xml version="1.0" encoding="UTF-8"?>
<!-- Generated by org.testng.reporters.JUnitReportReporter -->
<testsuite hostname="Z100107" name="com.mainPageTests.working.CheckForAvaliabilitySettingsPageTest" tests="1" failures="0" timestamp="6 Sep 2012 07:27:42 GMT" time="2.533" errors="0">
  <testcase name="checkForAvaliabilitySettingsPageTest" time="2.533" classname="com.mainPageTests.working.CheckForAvaliabilitySettingsPageTest"/>
</testsuite> <!-- com.mainPageTests.working.CheckForAvaliabilitySettingsPageTest -->
