<?xml version="1.0" encoding="UTF-8"?>
<!-- Generated by org.testng.reporters.JUnitReportReporter -->
<testsuite hostname="Z100107" name="com.LKA_Tests.ClickOnSettingsTest" tests="1" failures="0" timestamp="10 Sep 2012 10:05:03 GMT" time="14.887" errors="0">
  <testcase name="clickOnSettingsTest" time="14.887" classname="com.LKA_Tests.ClickOnSettingsTest"/>
</testsuite> <!-- com.LKA_Tests.ClickOnSettingsTest -->
