<?xml version="1.0" encoding="UTF-8"?>
<!-- Generated by org.testng.reporters.JUnitReportReporter -->
<testsuite hostname="Z100107" name="com.mainPageTests.checkForAvaliabilityPages.CheckForAvaliabilityHistoryPageTest" tests="1" failures="0" timestamp="2 Oct 2012 06:01:31 GMT" time="2.337" errors="0">
  <testcase name="checkForAvaliabilityHistoryPageTest" time="2.337" classname="com.mainPageTests.checkForAvaliabilityPages.CheckForAvaliabilityHistoryPageTest"/>
</testsuite> <!-- com.mainPageTests.checkForAvaliabilityPages.CheckForAvaliabilityHistoryPageTest -->
