<?xml version="1.0" encoding="UTF-8"?>
<!-- Generated by org.testng.reporters.JUnitReportReporter -->
<testsuite hostname="Z100107" name="com.LKS_Tests.ClickOnExitTest" tests="1" failures="0" timestamp="24 Oct 2012 06:49:42 GMT" time="19.933" errors="0">
  <testcase name="clickOnExitTest" time="19.933" classname="com.LKS_Tests.ClickOnExitTest"/>
</testsuite> <!-- com.LKS_Tests.ClickOnExitTest -->
