<?xml version="1.0" encoding="UTF-8"?>
<!-- Generated by org.testng.reporters.JUnitReportReporter -->
<testsuite hostname="Z100107" name="com.mainPageTests.checkForAvaliabilityPages.CheckForAvaliabilityConnectionPagesTest" tests="1" failures="0" timestamp="9 Oct 2012 06:35:19 GMT" time="8.319" errors="0">
  <testcase name="checkForAvaliabilityConnectionTest" time="8.319" classname="com.mainPageTests.checkForAvaliabilityPages.CheckForAvaliabilityConnectionPagesTest"/>
</testsuite> <!-- com.mainPageTests.checkForAvaliabilityPages.CheckForAvaliabilityConnectionPagesTest -->
