<?xml version="1.0" encoding="UTF-8"?>
<!-- Generated by org.testng.reporters.JUnitReportReporter -->
<testsuite hostname="Z100107" name="com.LKA_Tests.ClickOnExitTest" tests="1" failures="0" timestamp="27 Sep 2012 07:54:00 GMT" time="12.752" errors="0">
  <testcase name="clickOnExitTest" time="12.752" classname="com.LKA_Tests.ClickOnExitTest"/>
</testsuite> <!-- com.LKA_Tests.ClickOnExitTest -->
