<?xml version="1.0" encoding="UTF-8"?>
<!-- Generated by org.testng.reporters.JUnitReportReporter -->
<testsuite hostname="Z100107" name="com.mainPageTests.checkForAvaliabilityPages.CheckForAvaliabilityVoiceToEMailPageTest" tests="1" failures="0" timestamp="8 Oct 2012 13:58:16 GMT" time="2.213" errors="0">
  <testcase name="checkForAvaliabilityVoiceToEMailPageTest" time="2.213" classname="com.mainPageTests.checkForAvaliabilityPages.CheckForAvaliabilityVoiceToEMailPageTest"/>
</testsuite> <!-- com.mainPageTests.checkForAvaliabilityPages.CheckForAvaliabilityVoiceToEMailPageTest -->
