<?xml version="1.0" encoding="UTF-8"?>
<!-- Generated by org.testng.reporters.JUnitReportReporter -->
<testsuite hostname="Z100107" name="com.mainPageTests.working.CheckForAvaliabilityFiveNumbersPageTest" tests="1" failures="0" timestamp="6 Sep 2012 07:27:42 GMT" time="6.246" errors="0">
  <testcase name="checkForAvaliabilityFiveNumbersPageTest" time="6.246" classname="com.mainPageTests.working.CheckForAvaliabilityFiveNumbersPageTest"/>
</testsuite> <!-- com.mainPageTests.working.CheckForAvaliabilityFiveNumbersPageTest -->
