<?xml version="1.0" encoding="UTF-8"?>
<!-- Generated by org.testng.reporters.JUnitReportReporter -->
<testsuite hostname="Z100107" name="com.mainPageTests.working.CheckForAvaliabilityATSPageTest" tests="1" failures="0" timestamp="6 Sep 2012 07:27:42 GMT" time="2.355" errors="0">
  <testcase name="checkForAvaliabilityATSPageTest" time="2.355" classname="com.mainPageTests.working.CheckForAvaliabilityATSPageTest"/>
</testsuite> <!-- com.mainPageTests.working.CheckForAvaliabilityATSPageTest -->
