<?xml version="1.0" encoding="UTF-8"?>
<!-- Generated by org.testng.reporters.JUnitReportReporter -->
<testsuite hostname="Z100107" name="com.mainPageTests.working.CheckForAvaliabilityDirectCallPageTest" tests="1" failures="0" timestamp="6 Sep 2012 07:27:42 GMT" time="2.592" errors="0">
  <testcase name="checkForAvaliabilityDirectCallPageTest" time="2.592" classname="com.mainPageTests.working.CheckForAvaliabilityDirectCallPageTest"/>
</testsuite> <!-- com.mainPageTests.working.CheckForAvaliabilityDirectCallPageTest -->
