<?xml version="1.0" encoding="UTF-8"?>
<!-- Generated by org.testng.reporters.JUnitReportReporter -->
<testsuite hostname="Z100107" name="com.mainPageTests.working.CheckForAvaliabilityServicesPageTest" tests="1" failures="0" timestamp="5 Sep 2012 11:23:33 GMT" time="15.690" errors="0">
  <testcase name="checkForAvaliabilityServicesPageTest" time="15.690" classname="com.mainPageTests.working.CheckForAvaliabilityServicesPageTest"/>
</testsuite> <!-- com.mainPageTests.working.CheckForAvaliabilityServicesPageTest -->
