<?xml version="1.0" encoding="UTF-8"?>
<!-- Generated by org.testng.reporters.JUnitReportReporter -->
<testsuite hostname="Z100107" name="com.LKA_Tests.DetalizationPageTest" tests="1" failures="0" timestamp="25 Oct 2012 05:07:08 GMT" time="26.112" errors="0">
  <testcase name="detalizationPageTest" time="26.112" classname="com.LKA_Tests.DetalizationPageTest"/>
</testsuite> <!-- com.LKA_Tests.DetalizationPageTest -->
