<?xml version="1.0" encoding="UTF-8"?>
<!-- Generated by org.testng.reporters.JUnitReportReporter -->
<testsuite hostname="Z100107" name="com.LKA_Tests.ClickOnDiskSpaceTest" tests="1" failures="0" timestamp="11 Sep 2012 11:26:06 GMT" time="9.543" errors="0">
  <testcase name="clickOnDiskSpaceTest" time="9.543" classname="com.LKA_Tests.ClickOnDiskSpaceTest"/>
</testsuite> <!-- com.LKA_Tests.ClickOnDiskSpaceTest -->
