<?xml version="1.0" encoding="UTF-8"?>
<!-- Generated by org.testng.reporters.JUnitReportReporter -->
<testsuite hostname="Z100107" name="com.LKS_Tests.CallForwardingPageTest" tests="1" failures="0" timestamp="11 Sep 2012 06:02:05 GMT" time="26.707" errors="0">
  <testcase name="callForwardingPageTest" time="26.707" classname="com.LKS_Tests.CallForwardingPageTest"/>
</testsuite> <!-- com.LKS_Tests.CallForwardingPageTest -->
