<?xml version="1.0" encoding="UTF-8"?>
<!-- Generated by org.testng.reporters.JUnitReportReporter -->
<testsuite hostname="Z100107" name="com.LKA_Tests.DetalizationPageTest" tests="1" failures="0" timestamp="27 Sep 2012 07:45:18 GMT" time="10.621" errors="0">
  <testcase name="detalizationPageTest" time="10.621" classname="com.LKA_Tests.DetalizationPageTest"/>
</testsuite> <!-- com.LKA_Tests.DetalizationPageTest -->
