<?xml version="1.0" encoding="UTF-8"?>
<!-- Generated by org.testng.reporters.JUnitReportReporter -->
<testsuite hostname="Z100107" name="com.LKS_Tests.ClickOnExitTest" tests="1" failures="0" timestamp="11 Sep 2012 07:04:41 GMT" time="11.446" errors="0">
  <testcase name="clickOnExitTest" time="11.446" classname="com.LKS_Tests.ClickOnExitTest"/>
</testsuite> <!-- com.LKS_Tests.ClickOnExitTest -->
