<?xml version="1.0" encoding="UTF-8"?>
<!-- Generated by org.testng.reporters.JUnitReportReporter -->
<testsuite hostname="Z100107" name="com.mainPageTests.checkForAvaliabilityPages.CheckForAvaliabilityForPartnersPageTest" tests="1" failures="0" timestamp="22 Oct 2012 06:33:16 GMT" time="7.757" errors="0">
  <testcase name="checkForAvaliabilityForPartnersPageTest" time="7.757" classname="com.mainPageTests.checkForAvaliabilityPages.CheckForAvaliabilityForPartnersPageTest"/>
</testsuite> <!-- com.mainPageTests.checkForAvaliabilityPages.CheckForAvaliabilityForPartnersPageTest -->
