<?xml version="1.0" encoding="UTF-8"?>
<!-- Generated by org.testng.reporters.JUnitReportReporter -->
<testsuite hostname="Anatoly-Korzuns-MacBook-Pro.local" name="com.registration.tests.Step1" tests="10" failures="0" timestamp="3 Aug 2012 10:35:26 GMT" time="133.821" errors="0">
  <testcase name="testStep1Find" time="8.294" classname="com.registration.tests.Step1"/>
  <testcase name="testStep1" time="18.149" classname="com.registration.tests.Step1"/>
  <testcase name="testStep1" time="9.969" classname="com.registration.tests.Step1"/>
  <testcase name="testStep1Find" time="8.691" classname="com.registration.tests.Step1"/>
  <testcase name="testStep1" time="13.944" classname="com.registration.tests.Step1"/>
  <testcase name="testStep1" time="18.271" classname="com.registration.tests.Step1"/>
  <testcase name="testStep1Find" time="8.694" classname="com.registration.tests.Step1"/>
  <testcase name="testStep1" time="16.038" classname="com.registration.tests.Step1"/>
  <testcase name="testStep1" time="15.334" classname="com.registration.tests.Step1"/>
  <testcase name="testStep1" time="16.437" classname="com.registration.tests.Step1"/>
</testsuite> <!-- com.registration.tests.Step1 -->
