<?xml version="1.0" encoding="UTF-8"?>
<!-- Generated by org.testng.reporters.JUnitReportReporter -->
<testsuite hostname="Z100107" name="com.LKA_Tests.DetalizationPageTest" tests="1" failures="0" timestamp="11 Sep 2012 11:32:42 GMT" time="13.215" errors="0">
  <testcase name="detalizationPageTest" time="13.215" classname="com.LKA_Tests.DetalizationPageTest"/>
</testsuite> <!-- com.LKA_Tests.DetalizationPageTest -->
