<?xml version="1.0" encoding="UTF-8"?>
<!-- Generated by org.testng.reporters.JUnitReportReporter -->
<testsuite hostname="Z100107" name="com.LKA_Tests.ClickOnPromoTest" tests="1" failures="0" timestamp="24 Sep 2012 12:26:31 GMT" time="19.781" errors="0">
  <testcase name="clickOnPromoTest" time="19.781" classname="com.LKA_Tests.ClickOnPromoTest"/>
</testsuite> <!-- com.LKA_Tests.ClickOnPromoTest -->
