<?xml version="1.0" encoding="UTF-8"?>
<!-- Generated by org.testng.reporters.JUnitReportReporter -->
<testsuite hostname="Z100107" name="com.LKA_Tests.AddAndDeleteMenusTest" tests="1" failures="0" timestamp="25 Oct 2012 05:03:45 GMT" time="55.213" errors="0">
  <testcase name="addAndDeleteMenusTest" time="55.213" classname="com.LKA_Tests.AddAndDeleteMenusTest"/>
</testsuite> <!-- com.LKA_Tests.AddAndDeleteMenusTest -->
