<?xml version="1.0" encoding="UTF-8"?>
<!-- Generated by org.testng.reporters.JUnitReportReporter -->
<testsuite hostname="Z100107" name="com.mainPageTests.RegistrationCloseVerificationWindowTest" tests="1" failures="0" timestamp="24 Sep 2012 13:38:02 GMT" time="18.116" errors="0">
  <testcase name="registrationCloseVerificationWindowTest" time="18.116" classname="com.mainPageTests.RegistrationCloseVerificationWindowTest"/>
</testsuite> <!-- com.mainPageTests.RegistrationCloseVerificationWindowTest -->
