<?xml version="1.0" encoding="UTF-8"?>
<!-- Generated by org.testng.reporters.JUnitReportReporter -->
<testsuite hostname="Z100107" name="com.mainPageTests.working.CheckForAvaliabilityBeautifulNumbersPageTest" tests="1" failures="0" timestamp="6 Sep 2012 07:27:42 GMT" time="4.743" errors="0">
  <testcase name="checkForAvaliabilityBeautifulNumbersPageTest" time="4.743" classname="com.mainPageTests.working.CheckForAvaliabilityBeautifulNumbersPageTest"/>
</testsuite> <!-- com.mainPageTests.working.CheckForAvaliabilityBeautifulNumbersPageTest -->
