<?xml version="1.0" encoding="UTF-8"?>
<!-- Generated by org.testng.reporters.JUnitReportReporter -->
<testsuite hostname="Z100107" name="com.LKA_Tests.FaxPageTest" tests="1" failures="0" timestamp="10 Sep 2012 13:14:13 GMT" time="14.416" errors="0">
  <testcase name="voiceMailTest" time="14.416" classname="com.LKA_Tests.FaxPageTest"/>
</testsuite> <!-- com.LKA_Tests.FaxPageTest -->
